<?xml version="1.0" encoding="UTF-8"?>
<testsuite name="usecases.CreateWordleTest" tests="3" skipped="0" failures="0" errors="0" timestamp="2022-02-16T04:09:07" hostname="Tavishs-MBP.lan" time="0.038">
  <properties/>
  <testcase name="Create a new wordle game" classname="usecases.CreateWordleTest" time="0.03"/>
  <testcase name="Can't create a new wordle game for an existing wordle ID" classname="usecases.CreateWordleTest" time="0.004"/>
  <testcase name="Unknown failure when saving wordle" classname="usecases.CreateWordleTest" time="0.002"/>
  <system-out><![CDATA[]]></system-out>
  <system-err><![CDATA[]]></system-err>
</testsuite>
