<?xml version="1.0" encoding="UTF-8"?>
<testsuite name="usecases.guess.GuessingOnFirstTry" tests="1" skipped="0" failures="0" errors="0" timestamp="2022-02-19T21:34:54" hostname="Tavishs-MBP.lan" time="0.002">
  <properties/>
  <testcase name="First try!" classname="usecases.guess.GuessingOnFirstTry" time="0.002"/>
  <system-out><![CDATA[]]></system-out>
  <system-err><![CDATA[]]></system-err>
</testsuite>
